Command line:
   tbSincrono_isim_beh.exe
     -simmode  gui
     -simrunnum  0
     -socket  52778

Fri Apr 01 16:17:00 2016


 Elaboration Time: 0.078125 sec

 Current Memory Usage: 844.886 Meg

 Total Signals          : 74
 Total Nets             : 240
 Total Signal Drivers   : 36
 Total Blocks           : 10
 Total Primitive Blocks : 9
 Total Processes        : 24
 Total Traceable Variables  : 10
 Total Scalar Nets and Variables : 618
Total Line Count : 86
Total Line Count : 86
Total Line Count : 86

 Total Simulation Time: 0.171875 sec

 Current Memory Usage: 373.027 Meg

Fri Apr 01 16:31:11 2016

