Command line:
   tbAssincrono_isim_beh.exe
     -simmode  gui
     -simrunnum  0
     -socket  52893

Fri Apr 01 16:40:45 2016


 Elaboration Time: 0.03125 sec

 Current Memory Usage: 844.37 Meg

 Total Signals          : 44
 Total Nets             : 99
 Total Signal Drivers   : 20
 Total Blocks           : 10
 Total Primitive Blocks : 9
 Total Processes        : 11
 Total Traceable Variables  : 10
 Total Scalar Nets and Variables : 477
Total Line Count : 55
Total Line Count : 55

 Total Simulation Time: 0.171875 sec

 Current Memory Usage: 687.084 Meg

Fri Apr 01 16:42:09 2016

