Command line:
   tbSincrono_isim_beh.exe
     -simmode  gui
     -simrunnum  0
     -socket  52279

Fri Mar 25 23:36:13 2016


 Elaboration Time: 0.0625 sec

 Current Memory Usage: 844.521 Meg

 Total Signals          : 78
 Total Nets             : 240
 Total Signal Drivers   : 36
 Total Blocks           : 10
 Total Primitive Blocks : 9
 Total Processes        : 20
 Total Traceable Variables  : 10
 Total Scalar Nets and Variables : 618
Total Line Count : 112
Total Line Count : 112
Total Line Count : 112

 Total Simulation Time: 3.07813 sec

 Current Memory Usage: 687.235 Meg

Fri Mar 25 23:41:58 2016

