Command line:
   tbSemiSincrono_isim_beh.exe
     -simmode  gui
     -simrunnum  0
     -socket  53705

Thu Mar 24 20:09:33 2016


 Elaboration Time: 0.046875 sec

 Current Memory Usage: 844.505 Meg

 Total Signals          : 45
 Total Nets             : 103
 Total Signal Drivers   : 21
 Total Blocks           : 10
 Total Primitive Blocks : 9
 Total Processes        : 11
 Total Traceable Variables  : 10
 Total Scalar Nets and Variables : 481
Total Line Count : 58

 Total Simulation Time: 0.078125 sec

 Current Memory Usage: 844.505 Meg

Thu Mar 24 20:09:47 2016

