Command line:
   tbSincrono_isim_beh.exe
     -simmode  gui
     -simrunnum  0
     -socket  52794

Fri Apr 01 16:33:51 2016


 Elaboration Time: 0.0625 sec

 Current Memory Usage: 844.366 Meg

 Total Signals          : 78
 Total Nets             : 240
 Total Signal Drivers   : 36
 Total Blocks           : 10
 Total Primitive Blocks : 9
 Total Processes        : 20
 Total Traceable Variables  : 10
 Total Scalar Nets and Variables : 618
Total Line Count : 114

 Total Simulation Time: 0.109375 sec

 Current Memory Usage: 844.366 Meg

Fri Apr 01 16:33:56 2016

