Running: C:\Xilinx\14.7\ISE_DS\ISE\bin\nt64\unwrapped\fuse.exe -intstyle ise -incremental -o C:/Users/Augusto/Documents/GitHub/Arq2-Dados/Simplex_Assincrona/simplex_assincrona/tbAssincrono_isim_beh.exe -prj C:/Users/Augusto/Documents/GitHub/Arq2-Dados/Simplex_Assincrona/simplex_assincrona/tbAssincrono_beh.prj work.tbAssincrono 
ISim P.20131013 (signature 0x7708f090)
Number of CPUs detected in this system: 4
Turning on mult-threading, number of parallel sub-compilation jobs: 8 
Determining compilation order of HDL files
Parsing VHDL file "C:/Users/Augusto/Documents/GitHub/Arq2-Dados/Simplex_Assincrona/simplex_assincrona/../Periferico.vhd" into library work
Parsing VHDL file "C:/Users/Augusto/Documents/GitHub/Arq2-Dados/Simplex_Assincrona/simplex_assincrona/../InterfaceAssincronaPeriferico.vhd" into library work
Parsing VHDL file "C:/Users/Augusto/Documents/GitHub/Arq2-Dados/Simplex_Assincrona/simplex_assincrona/../InterfaceAssincronaCPU.vhd" into library work
Parsing VHDL file "C:/Users/Augusto/Documents/GitHub/Arq2-Dados/Simplex_Assincrona/simplex_assincrona/../CPU.vhd" into library work
Parsing VHDL file "C:/Users/Augusto/Documents/GitHub/Arq2-Dados/Simplex_Assincrona/simplex_assincrona/../tbAssincrono.vhd" into library work
Starting static elaboration
Completed static elaboration
Compiling package standard
Compiling package std_logic_1164
Compiling package std_logic_arith
Compiling package std_logic_unsigned
Compiling package definicoestransmissaoassincronac...
Compiling package definicoestransmissaoassincronap...
Compiling architecture cpu of entity CPU [cpu_default]
Compiling architecture interfacecpu of entity InterfaceCPU [interfacecpu_default]
Compiling architecture periferico of entity Periferico [periferico_default]
Compiling architecture interfaceperiferico of entity InterfacePeriferico [interfaceperiferico_default]
Compiling architecture tbassincrono of entity tbassincrono
Time Resolution for simulation is 1ps.
Waiting for 3 sub-compilation(s) to finish...
Compiled 15 VHDL Units
Built simulation executable C:/Users/Augusto/Documents/GitHub/Arq2-Dados/Simplex_Assincrona/simplex_assincrona/tbAssincrono_isim_beh.exe
Fuse Memory Usage: 33968 KB
Fuse CPU Usage: 718 ms
